2022-04-17T15:06:33,918 - /[0:0:0:0:0:0:0:1]:57255 "GET /ping HTTP/1.1" 200 5
2022-04-17T15:06:42,959 - /[0:0:0:0:0:0:0:1]:57260 "POST /predictions/foodnet HTTP/1.1" 200 62
2022-04-17T15:20:27,773 - /[0:0:0:0:0:0:0:1]:57343 "POST /predictions/foodnet HTTP/1.1" 200 69
2022-04-17T15:49:56,707 - /[0:0:0:0:0:0:0:1]:57599 "POST /predictions/foodnet HTTP/1.1" 200 62
2022-04-17T17:11:57,726 - /[0:0:0:0:0:0:0:1]:57860 "POST /predictions/foodnet HTTP/1.1" 200 70
2022-04-17T17:25:07,140 - /[0:0:0:0:0:0:0:1]:57906 "POST /predictions/foodnet HTTP/1.1" 200 110
2022-04-17T17:27:06,938 - /[0:0:0:0:0:0:0:1]:57920 "POST /predictions/foodnet HTTP/1.1" 200 120
2022-04-17T17:40:47,159 - /[0:0:0:0:0:0:0:1]:58087 "POST /predictions/foodnet HTTP/1.1" 200 114
2022-04-17T18:26:52,763 - /[0:0:0:0:0:0:0:1]:58853 "OPTIONS /predictions/foodnet%20-T%20sample.jpg%60 HTTP/1.1" 404 11
2022-04-17T18:33:26,936 - /[0:0:0:0:0:0:0:1]:59085 "GET /ping HTTP/1.1" 200 5
2022-04-17T18:33:30,675 - /[0:0:0:0:0:0:0:1]:59093 "POST /predictions/foodnet HTTP/1.1" 200 71
2022-04-17T18:34:53,126 - /[0:0:0:0:0:0:0:1]:59142 "OPTIONS /predictions/foodnet%20-T%20sample.jpg%60 HTTP/1.1" 404 2
2022-04-17T18:35:42,044 - /[0:0:0:0:0:0:0:1]:59170 "GET /ping HTTP/1.1" 200 1
2022-04-17T18:43:17,077 - /[0:0:0:0:0:0:0:1]:59421 "GET /ping HTTP/1.1" 200 5
2022-04-17T18:43:34,818 - /[0:0:0:0:0:0:0:1]:59440 "OPTIONS /predictions/foodnet%20-T%20sample.jpg%60 HTTP/1.1" 404 2
2022-04-17T18:45:44,438 - /[0:0:0:0:0:0:0:1]:59514 "OPTIONS /ping HTTP/1.1" 200 1
2022-04-17T18:47:34,298 - /[0:0:0:0:0:0:0:1]:59514 "GET /ping HTTP/1.1" 200 0
2022-04-17T18:48:06,187 - /[0:0:0:0:0:0:0:1]:59613 "POST /predictions/foodnet HTTP/1.1" 200 71
2022-04-17T19:42:18,651 - /[0:0:0:0:0:0:0:1]:55877 "POST /predictions/foodnet HTTP/1.1" 200 83
2022-04-17T19:45:02,277 - /[0:0:0:0:0:0:0:1]:55973 "POST /predictions/foodnet%60 HTTP/1.1" 404 44
2022-04-17T19:46:54,872 - /[0:0:0:0:0:0:0:1]:56036 "OPTIONS /predictions/foodnet%60 HTTP/1.1" 404 0
2022-04-17T19:50:12,357 - /[0:0:0:0:0:0:0:1]:56160 "OPTIONS /predictions/foodnet%60 HTTP/1.1" 404 0
2022-04-17T19:53:15,742 - /[0:0:0:0:0:0:0:1]:56273 "POST /predictions/foodnet HTTP/1.1" 200 67
2022-04-17T19:56:39,790 - /[0:0:0:0:0:0:0:1]:56390 "OPTIONS /predictions/foodnet%60 HTTP/1.1" 404 1
2022-04-17T19:57:54,949 - /[0:0:0:0:0:0:0:1]:56434 "POST /predictions/foodnet HTTP/1.1" 200 65
2022-04-17T20:06:54,306 - /[0:0:0:0:0:0:0:1]:56725 "POST /predictions/foodnet HTTP/1.1" 200 71
2022-04-17T20:07:28,372 - /[0:0:0:0:0:0:0:1]:56741 "OPTIONS /predictions/foodnet%60 HTTP/1.1" 404 0
2022-04-17T20:09:29,581 - /[0:0:0:0:0:0:0:1]:56819 "POST /predictions/foodnet%60 HTTP/1.1" 404 2
2022-04-17T20:10:25,635 - /[0:0:0:0:0:0:0:1]:56858 "POST /predictions/foodnet%60 HTTP/1.1" 404 0
2022-04-17T20:13:48,862 - /[0:0:0:0:0:0:0:1]:56975 "POST /predictions/foodnet HTTP/1.1" 503 51
2022-04-17T20:14:08,079 - /[0:0:0:0:0:0:0:1]:56988 "POST /predictions/foodnet HTTP/1.1" 200 117
2022-04-17T20:16:32,316 - /[0:0:0:0:0:0:0:1]:57069 "POST /predictions/foodnet HTTP/1.1" 500 10
2022-04-17T20:17:49,294 - /[0:0:0:0:0:0:0:1]:57119 "POST /predictions/foodnet HTTP/1.1" 500 5
2022-04-17T20:18:05,678 - /[0:0:0:0:0:0:0:1]:57127 "POST /predictions/foodnet HTTP/1.1" 500 12
2022-04-17T20:27:12,871 - /[0:0:0:0:0:0:0:1]:57479 "POST /ping HTTP/1.1" 200 0
2022-04-17T20:27:51,568 - /[0:0:0:0:0:0:0:1]:57502 "POST /ping HTTP/1.1" 200 0
2022-04-17T20:29:41,136 - /[0:0:0:0:0:0:0:1]:57572 "POST /ping HTTP/1.1" 200 1
2022-04-17T20:30:11,776 - /[0:0:0:0:0:0:0:1]:57594 "POST /ping HTTP/1.1" 200 1
2022-04-17T20:30:49,986 - /[0:0:0:0:0:0:0:1]:57618 "GET /ping HTTP/1.1" 200 0
2022-04-17T20:31:08,974 - /[0:0:0:0:0:0:0:1]:57637 "GET /ping HTTP/1.1" 200 0
2022-04-17T20:36:53,049 - /[0:0:0:0:0:0:0:1]:57823 "GET /ping HTTP/1.1" 200 0
2022-04-17T20:36:57,663 - /[0:0:0:0:0:0:0:1]:57826 "GET /ping HTTP/1.1" 200 0
2022-04-17T20:38:05,569 - /[0:0:0:0:0:0:0:1]:57879 "GET /ping HTTP/1.1" 200 1
2022-04-17T20:38:42,239 - /[0:0:0:0:0:0:0:1]:57903 "GET /ping HTTP/1.1" 200 0
2022-04-17T20:38:52,919 - /[0:0:0:0:0:0:0:1]:57419 "POST /predictions/foodnet HTTP/1.1" 500 792850
2022-04-17T20:38:52,921 - /[0:0:0:0:0:0:0:1]:57337 "POST /predictions/foodnet HTTP/1.1" 500 921928
2022-04-17T20:38:52,924 - /[0:0:0:0:0:0:0:1]:57304 "POST /predictions/foodnet HTTP/1.1" 500 963117
2022-04-17T20:38:52,926 - /[0:0:0:0:0:0:0:1]:57299 "POST /predictions/foodnet HTTP/1.1" 500 971942
2022-04-17T20:38:52,938 - /[0:0:0:0:0:0:0:1]:57242 "POST /predictions/foodnet HTTP/1.1" 500 1061521
2022-04-17T20:38:52,938 - /[0:0:0:0:0:0:0:1]:57235 "POST /predictions/foodnet HTTP/1.1" 500 1073455
2022-04-17T20:38:52,939 - /[0:0:0:0:0:0:0:1]:57307 "POST /predictions/foodnet HTTP/1.1" 500 959432
2022-04-17T20:39:29,078 - /[0:0:0:0:0:0:0:1]:57955 "GET /ping HTTP/1.1" 200 6
2022-04-17T20:39:43,361 - /[0:0:0:0:0:0:0:1]:57963 "GET /ping HTTP/1.1" 200 0
