2022-04-17T15:06:18,047 [INFO ] W-9005-foodnet_1.0-stdout MODEL_LOG - Listening on port: None
2022-04-17T15:06:18,049 [INFO ] W-9005-foodnet_1.0-stdout MODEL_LOG - [PID]14544
2022-04-17T15:06:18,053 [INFO ] W-9002-foodnet_1.0-stdout MODEL_LOG - Listening on port: None
2022-04-17T15:06:18,055 [INFO ] W-9010-foodnet_1.0-stdout MODEL_LOG - Listening on port: None
2022-04-17T15:06:18,056 [INFO ] W-9005-foodnet_1.0-stdout MODEL_LOG - Torch worker started.
2022-04-17T15:06:18,056 [INFO ] W-9002-foodnet_1.0-stdout MODEL_LOG - [PID]16308
2022-04-17T15:06:18,057 [INFO ] W-9005-foodnet_1.0-stdout MODEL_LOG - Python runtime: 3.9.4
2022-04-17T15:06:18,060 [INFO ] W-9010-foodnet_1.0-stdout MODEL_LOG - [PID]20212
2022-04-17T15:06:18,059 [INFO ] W-9002-foodnet_1.0-stdout MODEL_LOG - Torch worker started.
2022-04-17T15:06:18,061 [INFO ] W-9002-foodnet_1.0-stdout MODEL_LOG - Python runtime: 3.9.4
2022-04-17T15:06:18,063 [INFO ] W-9010-foodnet_1.0-stdout MODEL_LOG - Torch worker started.
2022-04-17T15:06:18,065 [INFO ] W-9010-foodnet_1.0-stdout MODEL_LOG - Python runtime: 3.9.4
2022-04-17T15:06:18,087 [INFO ] W-9004-foodnet_1.0-stdout MODEL_LOG - Listening on port: None
2022-04-17T15:06:18,089 [INFO ] W-9004-foodnet_1.0-stdout MODEL_LOG - [PID]20452
2022-04-17T15:06:18,090 [INFO ] W-9004-foodnet_1.0-stdout MODEL_LOG - Torch worker started.
2022-04-17T15:06:18,091 [INFO ] W-9004-foodnet_1.0-stdout MODEL_LOG - Python runtime: 3.9.4
2022-04-17T15:06:18,091 [INFO ] W-9002-foodnet_1.0-stdout MODEL_LOG - Connection accepted: ('127.0.0.1', 9002).
2022-04-17T15:06:18,091 [INFO ] W-9010-foodnet_1.0-stdout MODEL_LOG - Connection accepted: ('127.0.0.1', 9010).
2022-04-17T15:06:18,091 [INFO ] W-9005-foodnet_1.0-stdout MODEL_LOG - Connection accepted: ('127.0.0.1', 9005).
2022-04-17T15:06:18,097 [INFO ] W-9009-foodnet_1.0-stdout MODEL_LOG - Listening on port: None
2022-04-17T15:06:18,099 [INFO ] W-9004-foodnet_1.0-stdout MODEL_LOG - Connection accepted: ('127.0.0.1', 9004).
2022-04-17T15:06:18,100 [INFO ] W-9009-foodnet_1.0-stdout MODEL_LOG - [PID]10020
2022-04-17T15:06:18,110 [INFO ] W-9009-foodnet_1.0-stdout MODEL_LOG - Torch worker started.
2022-04-17T15:06:18,112 [INFO ] W-9009-foodnet_1.0-stdout MODEL_LOG - Python runtime: 3.9.4
2022-04-17T15:06:18,116 [INFO ] W-9009-foodnet_1.0-stdout MODEL_LOG - Connection accepted: ('127.0.0.1', 9009).
2022-04-17T15:06:18,134 [INFO ] W-9008-foodnet_1.0-stdout MODEL_LOG - Listening on port: None
2022-04-17T15:06:18,139 [INFO ] W-9008-foodnet_1.0-stdout MODEL_LOG - [PID]20092
2022-04-17T15:06:18,147 [INFO ] W-9008-foodnet_1.0-stdout MODEL_LOG - Torch worker started.
2022-04-17T15:06:18,149 [INFO ] W-9008-foodnet_1.0-stdout MODEL_LOG - Python runtime: 3.9.4
2022-04-17T15:06:18,155 [INFO ] W-9002-foodnet_1.0-stdout MODEL_LOG - model_name: foodnet, batchSize: 1
2022-04-17T15:06:18,156 [INFO ] W-9004-foodnet_1.0-stdout MODEL_LOG - model_name: foodnet, batchSize: 1
2022-04-17T15:06:18,155 [INFO ] W-9001-foodnet_1.0-stdout MODEL_LOG - Listening on port: None
2022-04-17T15:06:18,156 [INFO ] W-9010-foodnet_1.0-stdout MODEL_LOG - model_name: foodnet, batchSize: 1
2022-04-17T15:06:18,156 [INFO ] W-9005-foodnet_1.0-stdout MODEL_LOG - model_name: foodnet, batchSize: 1
2022-04-17T15:06:18,156 [INFO ] W-9009-foodnet_1.0-stdout MODEL_LOG - model_name: foodnet, batchSize: 1
2022-04-17T15:06:18,164 [INFO ] W-9001-foodnet_1.0-stdout MODEL_LOG - Backend worker process died.
2022-04-17T15:06:18,172 [INFO ] W-9001-foodnet_1.0-stdout MODEL_LOG - Traceback (most recent call last):
2022-04-17T15:06:18,172 [INFO ] W-9001-foodnet_1.0-stdout MODEL_LOG -   File "C:\Users\Ameno\Anaconda3\envs\luna-ai\Lib\site-packages\ts\model_service_worker.py", line 189, in <module>
2022-04-17T15:06:18,173 [INFO ] W-9001-foodnet_1.0-stdout MODEL_LOG -     worker.run_server()
2022-04-17T15:06:18,174 [INFO ] W-9001-foodnet_1.0-stdout MODEL_LOG -   File "C:\Users\Ameno\Anaconda3\envs\luna-ai\Lib\site-packages\ts\model_service_worker.py", line 148, in run_server
2022-04-17T15:06:18,176 [INFO ] W-9001-foodnet_1.0-stdout MODEL_LOG -     self.sock.bind((self.sock_name, int(self.port)))
2022-04-17T15:06:18,177 [INFO ] W-9001-foodnet_1.0-stdout MODEL_LOG - OSError: [WinError 10013] An attempt was made to access a socket in a way forbidden by its access permissions
2022-04-17T15:06:18,177 [INFO ] W-9008-foodnet_1.0-stdout MODEL_LOG - Connection accepted: ('127.0.0.1', 9008).
2022-04-17T15:06:18,196 [INFO ] W-9008-foodnet_1.0-stdout MODEL_LOG - model_name: foodnet, batchSize: 1
2022-04-17T15:06:18,226 [INFO ] W-9007-foodnet_1.0-stdout MODEL_LOG - Listening on port: None
2022-04-17T15:06:18,228 [INFO ] W-9007-foodnet_1.0-stdout MODEL_LOG - [PID]19108
2022-04-17T15:06:18,232 [INFO ] W-9007-foodnet_1.0-stdout MODEL_LOG - Torch worker started.
2022-04-17T15:06:18,234 [INFO ] W-9007-foodnet_1.0-stdout MODEL_LOG - Python runtime: 3.9.4
2022-04-17T15:06:18,240 [INFO ] W-9007-foodnet_1.0-stdout MODEL_LOG - Connection accepted: ('127.0.0.1', 9007).
2022-04-17T15:06:18,265 [INFO ] W-9007-foodnet_1.0-stdout MODEL_LOG - model_name: foodnet, batchSize: 1
2022-04-17T15:06:18,266 [INFO ] W-9006-foodnet_1.0-stdout MODEL_LOG - Listening on port: None
2022-04-17T15:06:18,271 [INFO ] W-9006-foodnet_1.0-stdout MODEL_LOG - [PID]12272
2022-04-17T15:06:18,272 [INFO ] W-9006-foodnet_1.0-stdout MODEL_LOG - Torch worker started.
2022-04-17T15:06:18,273 [INFO ] W-9006-foodnet_1.0-stdout MODEL_LOG - Python runtime: 3.9.4
2022-04-17T15:06:18,278 [INFO ] W-9006-foodnet_1.0-stdout MODEL_LOG - Connection accepted: ('127.0.0.1', 9006).
2022-04-17T15:06:18,307 [INFO ] W-9011-foodnet_1.0-stdout MODEL_LOG - Listening on port: None
2022-04-17T15:06:18,308 [INFO ] W-9006-foodnet_1.0-stdout MODEL_LOG - model_name: foodnet, batchSize: 1
2022-04-17T15:06:18,308 [INFO ] W-9011-foodnet_1.0-stdout MODEL_LOG - [PID]10056
2022-04-17T15:06:18,314 [INFO ] W-9011-foodnet_1.0-stdout MODEL_LOG - Torch worker started.
2022-04-17T15:06:18,314 [INFO ] W-9011-foodnet_1.0-stdout MODEL_LOG - Python runtime: 3.9.4
2022-04-17T15:06:18,320 [INFO ] W-9011-foodnet_1.0-stdout MODEL_LOG - Connection accepted: ('127.0.0.1', 9011).
2022-04-17T15:06:18,356 [INFO ] W-9011-foodnet_1.0-stdout MODEL_LOG - model_name: foodnet, batchSize: 1
2022-04-17T15:06:18,372 [INFO ] W-9003-foodnet_1.0-stdout MODEL_LOG - Listening on port: None
2022-04-17T15:06:18,373 [INFO ] W-9003-foodnet_1.0-stdout MODEL_LOG - [PID]19140
2022-04-17T15:06:18,374 [INFO ] W-9003-foodnet_1.0-stdout MODEL_LOG - Torch worker started.
2022-04-17T15:06:18,375 [INFO ] W-9003-foodnet_1.0-stdout MODEL_LOG - Python runtime: 3.9.4
2022-04-17T15:06:18,381 [INFO ] W-9003-foodnet_1.0-stdout MODEL_LOG - Connection accepted: ('127.0.0.1', 9003).
2022-04-17T15:06:18,404 [INFO ] W-9003-foodnet_1.0-stdout MODEL_LOG - model_name: foodnet, batchSize: 1
2022-04-17T15:06:18,434 [INFO ] W-9000-foodnet_1.0-stdout MODEL_LOG - Listening on port: None
2022-04-17T15:06:18,436 [INFO ] W-9000-foodnet_1.0-stdout MODEL_LOG - [PID]1784
2022-04-17T15:06:18,439 [INFO ] W-9000-foodnet_1.0-stdout MODEL_LOG - Torch worker started.
2022-04-17T15:06:18,440 [INFO ] W-9000-foodnet_1.0-stdout MODEL_LOG - Python runtime: 3.9.4
2022-04-17T15:06:18,448 [INFO ] W-9000-foodnet_1.0-stdout MODEL_LOG - Connection accepted: ('127.0.0.1', 9000).
2022-04-17T15:06:18,467 [INFO ] W-9000-foodnet_1.0-stdout MODEL_LOG - model_name: foodnet, batchSize: 1
2022-04-17T15:06:42,904 [INFO ] W-9002-foodnet_1.0-stdout MODEL_LOG - Backend received inference at: 1650200802
2022-04-17T15:20:27,706 [INFO ] W-9009-foodnet_1.0-stdout MODEL_LOG - Backend received inference at: 1650201627
2022-04-17T15:49:56,649 [INFO ] W-9010-foodnet_1.0-stdout MODEL_LOG - Backend received inference at: 1650203396
2022-04-17T17:11:57,659 [INFO ] W-9008-foodnet_1.0-stdout MODEL_LOG - Backend received inference at: 1650208317
2022-04-17T17:25:07,052 [INFO ] W-9005-foodnet_1.0-stdout MODEL_LOG - Backend received inference at: 1650209107
2022-04-17T17:27:06,842 [INFO ] W-9007-foodnet_1.0-stdout MODEL_LOG - Backend received inference at: 1650209226
2022-04-17T17:40:47,065 [INFO ] W-9004-foodnet_1.0-stdout MODEL_LOG - Backend received inference at: 1650210047
2022-04-17T18:32:52,286 [INFO ] W-9010-foodnet_1.0-stdout MODEL_LOG - Listening on port: None
2022-04-17T18:32:52,286 [INFO ] W-9000-foodnet_1.0-stdout MODEL_LOG - Listening on port: None
2022-04-17T18:32:52,286 [INFO ] W-9011-foodnet_1.0-stdout MODEL_LOG - Listening on port: None
2022-04-17T18:32:52,286 [INFO ] W-9003-foodnet_1.0-stdout MODEL_LOG - Listening on port: None
2022-04-17T18:32:52,288 [INFO ] W-9000-foodnet_1.0-stdout MODEL_LOG - [PID]7844
2022-04-17T18:32:52,288 [INFO ] W-9001-foodnet_1.0-stdout MODEL_LOG - Listening on port: None
2022-04-17T18:32:52,290 [INFO ] W-9006-foodnet_1.0-stdout MODEL_LOG - Listening on port: None
2022-04-17T18:32:52,292 [INFO ] W-9003-foodnet_1.0-stdout MODEL_LOG - [PID]17000
2022-04-17T18:32:52,294 [INFO ] W-9011-foodnet_1.0-stdout MODEL_LOG - [PID]9792
2022-04-17T18:32:52,296 [INFO ] W-9010-foodnet_1.0-stdout MODEL_LOG - [PID]13596
2022-04-17T18:32:52,297 [INFO ] W-9011-foodnet_1.0-stdout MODEL_LOG - Torch worker started.
2022-04-17T18:32:52,297 [INFO ] W-9010-foodnet_1.0-stdout MODEL_LOG - Torch worker started.
2022-04-17T18:32:52,299 [INFO ] W-9002-foodnet_1.0-stdout MODEL_LOG - Listening on port: None
2022-04-17T18:32:52,299 [INFO ] W-9000-foodnet_1.0-stdout MODEL_LOG - Torch worker started.
2022-04-17T18:32:52,300 [INFO ] W-9001-foodnet_1.0-stdout MODEL_LOG - Backend worker process died.
2022-04-17T18:32:52,302 [INFO ] W-9003-foodnet_1.0-stdout MODEL_LOG - Torch worker started.
2022-04-17T18:32:52,302 [INFO ] W-9010-foodnet_1.0-stdout MODEL_LOG - Python runtime: 3.9.4
2022-04-17T18:32:52,302 [INFO ] W-9011-foodnet_1.0-stdout MODEL_LOG - Python runtime: 3.9.4
2022-04-17T18:32:52,303 [INFO ] W-9006-foodnet_1.0-stdout MODEL_LOG - [PID]18656
2022-04-17T18:32:52,305 [INFO ] W-9001-foodnet_1.0-stdout MODEL_LOG - Traceback (most recent call last):
2022-04-17T18:32:52,305 [INFO ] W-9004-foodnet_1.0-stdout MODEL_LOG - Listening on port: None
2022-04-17T18:32:52,308 [INFO ] W-9002-foodnet_1.0-stdout MODEL_LOG - [PID]20652
2022-04-17T18:32:52,312 [INFO ] W-9005-foodnet_1.0-stdout MODEL_LOG - Listening on port: None
2022-04-17T18:32:52,316 [INFO ] W-9000-foodnet_1.0-stdout MODEL_LOG - Python runtime: 3.9.4
2022-04-17T18:32:52,317 [INFO ] W-9001-foodnet_1.0-stdout MODEL_LOG -   File "C:\Users\Ameno\Anaconda3\envs\luna-ai\Lib\site-packages\ts\model_service_worker.py", line 189, in <module>
2022-04-17T18:32:52,320 [INFO ] W-9006-foodnet_1.0-stdout MODEL_LOG - Torch worker started.
2022-04-17T18:32:52,322 [INFO ] W-9003-foodnet_1.0-stdout MODEL_LOG - Python runtime: 3.9.4
2022-04-17T18:32:52,325 [INFO ] W-9009-foodnet_1.0-stdout MODEL_LOG - Listening on port: None
2022-04-17T18:32:52,326 [INFO ] W-9008-foodnet_1.0-stdout MODEL_LOG - Listening on port: None
2022-04-17T18:32:52,328 [INFO ] W-9006-foodnet_1.0-stdout MODEL_LOG - Python runtime: 3.9.4
2022-04-17T18:32:52,329 [INFO ] W-9001-foodnet_1.0-stdout MODEL_LOG -     worker.run_server()
2022-04-17T18:32:52,331 [INFO ] W-9005-foodnet_1.0-stdout MODEL_LOG - [PID]17212
2022-04-17T18:32:52,332 [INFO ] W-9002-foodnet_1.0-stdout MODEL_LOG - Torch worker started.
2022-04-17T18:32:52,333 [INFO ] W-9004-foodnet_1.0-stdout MODEL_LOG - [PID]15184
2022-04-17T18:32:52,334 [INFO ] W-9007-foodnet_1.0-stdout MODEL_LOG - Listening on port: None
2022-04-17T18:32:52,337 [INFO ] W-9002-foodnet_1.0-stdout MODEL_LOG - Python runtime: 3.9.4
2022-04-17T18:32:52,338 [INFO ] W-9005-foodnet_1.0-stdout MODEL_LOG - Torch worker started.
2022-04-17T18:32:52,340 [INFO ] W-9010-foodnet_1.0-stdout MODEL_LOG - Connection accepted: ('127.0.0.1', 9010).
2022-04-17T18:32:52,340 [INFO ] W-9011-foodnet_1.0-stdout MODEL_LOG - Connection accepted: ('127.0.0.1', 9011).
2022-04-17T18:32:52,340 [INFO ] W-9000-foodnet_1.0-stdout MODEL_LOG - Connection accepted: ('127.0.0.1', 9000).
2022-04-17T18:32:52,343 [INFO ] W-9001-foodnet_1.0-stdout MODEL_LOG -   File "C:\Users\Ameno\Anaconda3\envs\luna-ai\Lib\site-packages\ts\model_service_worker.py", line 148, in run_server
2022-04-17T18:32:52,346 [INFO ] W-9008-foodnet_1.0-stdout MODEL_LOG - [PID]19068
2022-04-17T18:32:52,346 [INFO ] W-9009-foodnet_1.0-stdout MODEL_LOG - [PID]20040
2022-04-17T18:32:52,347 [INFO ] W-9003-foodnet_1.0-stdout MODEL_LOG - Connection accepted: ('127.0.0.1', 9003).
2022-04-17T18:32:52,347 [INFO ] W-9006-foodnet_1.0-stdout MODEL_LOG - Connection accepted: ('127.0.0.1', 9006).
2022-04-17T18:32:52,350 [INFO ] W-9001-foodnet_1.0-stdout MODEL_LOG -     self.sock.bind((self.sock_name, int(self.port)))
2022-04-17T18:32:52,362 [INFO ] W-9005-foodnet_1.0-stdout MODEL_LOG - Python runtime: 3.9.4
2022-04-17T18:32:52,365 [INFO ] W-9007-foodnet_1.0-stdout MODEL_LOG - [PID]3492
2022-04-17T18:32:52,366 [INFO ] W-9004-foodnet_1.0-stdout MODEL_LOG - Torch worker started.
2022-04-17T18:32:52,369 [INFO ] W-9001-foodnet_1.0-stdout MODEL_LOG - OSError: [WinError 10013] An attempt was made to access a socket in a way forbidden by its access permissions
2022-04-17T18:32:52,370 [INFO ] W-9002-foodnet_1.0-stdout MODEL_LOG - Connection accepted: ('127.0.0.1', 9002).
2022-04-17T18:32:52,381 [INFO ] W-9009-foodnet_1.0-stdout MODEL_LOG - Torch worker started.
2022-04-17T18:32:52,382 [INFO ] W-9008-foodnet_1.0-stdout MODEL_LOG - Torch worker started.
2022-04-17T18:32:52,382 [INFO ] W-9011-foodnet_1.0-stdout MODEL_LOG - model_name: foodnet, batchSize: 1
2022-04-17T18:32:52,382 [INFO ] W-9000-foodnet_1.0-stdout MODEL_LOG - model_name: foodnet, batchSize: 1
2022-04-17T18:32:52,383 [INFO ] W-9003-foodnet_1.0-stdout MODEL_LOG - model_name: foodnet, batchSize: 1
2022-04-17T18:32:52,382 [INFO ] W-9010-foodnet_1.0-stdout MODEL_LOG - model_name: foodnet, batchSize: 1
2022-04-17T18:32:52,387 [INFO ] W-9004-foodnet_1.0-stdout MODEL_LOG - Python runtime: 3.9.4
2022-04-17T18:32:52,390 [INFO ] W-9005-foodnet_1.0-stdout MODEL_LOG - Connection accepted: ('127.0.0.1', 9005).
2022-04-17T18:32:52,395 [INFO ] W-9008-foodnet_1.0-stdout MODEL_LOG - Python runtime: 3.9.4
2022-04-17T18:32:52,396 [INFO ] W-9009-foodnet_1.0-stdout MODEL_LOG - Python runtime: 3.9.4
2022-04-17T18:32:52,397 [INFO ] W-9006-foodnet_1.0-stdout MODEL_LOG - model_name: foodnet, batchSize: 1
2022-04-17T18:32:52,402 [INFO ] W-9002-foodnet_1.0-stdout MODEL_LOG - model_name: foodnet, batchSize: 1
2022-04-17T18:32:52,412 [INFO ] W-9007-foodnet_1.0-stdout MODEL_LOG - Torch worker started.
2022-04-17T18:32:52,416 [INFO ] W-9004-foodnet_1.0-stdout MODEL_LOG - Connection accepted: ('127.0.0.1', 9004).
2022-04-17T18:32:52,419 [INFO ] W-9008-foodnet_1.0-stdout MODEL_LOG - Connection accepted: ('127.0.0.1', 9008).
2022-04-17T18:32:52,437 [INFO ] W-9005-foodnet_1.0-stdout MODEL_LOG - model_name: foodnet, batchSize: 1
2022-04-17T18:32:52,438 [INFO ] W-9009-foodnet_1.0-stdout MODEL_LOG - Connection accepted: ('127.0.0.1', 9009).
2022-04-17T18:32:52,440 [INFO ] W-9007-foodnet_1.0-stdout MODEL_LOG - Python runtime: 3.9.4
2022-04-17T18:32:52,442 [INFO ] W-9004-foodnet_1.0-stdout MODEL_LOG - model_name: foodnet, batchSize: 1
2022-04-17T18:32:52,449 [INFO ] W-9007-foodnet_1.0-stdout MODEL_LOG - Connection accepted: ('127.0.0.1', 9007).
2022-04-17T18:32:52,467 [INFO ] W-9008-foodnet_1.0-stdout MODEL_LOG - model_name: foodnet, batchSize: 1
2022-04-17T18:32:52,484 [INFO ] W-9009-foodnet_1.0-stdout MODEL_LOG - model_name: foodnet, batchSize: 1
2022-04-17T18:32:52,498 [INFO ] W-9007-foodnet_1.0-stdout MODEL_LOG - model_name: foodnet, batchSize: 1
2022-04-17T18:33:30,613 [INFO ] W-9005-foodnet_1.0-stdout MODEL_LOG - Backend received inference at: 1650213210
2022-04-17T18:42:59,664 [INFO ] W-9001-foodnet_1.0-stdout MODEL_LOG - Listening on port: None
2022-04-17T18:42:59,666 [INFO ] W-9001-foodnet_1.0-stdout MODEL_LOG - Backend worker process died.
2022-04-17T18:42:59,667 [INFO ] W-9001-foodnet_1.0-stdout MODEL_LOG - Traceback (most recent call last):
2022-04-17T18:42:59,668 [INFO ] W-9001-foodnet_1.0-stdout MODEL_LOG -   File "C:\Users\Ameno\Anaconda3\envs\luna-ai\Lib\site-packages\ts\model_service_worker.py", line 189, in <module>
2022-04-17T18:42:59,670 [INFO ] W-9001-foodnet_1.0-stdout MODEL_LOG -     worker.run_server()
2022-04-17T18:42:59,671 [INFO ] W-9001-foodnet_1.0-stdout MODEL_LOG -   File "C:\Users\Ameno\Anaconda3\envs\luna-ai\Lib\site-packages\ts\model_service_worker.py", line 148, in run_server
2022-04-17T18:42:59,677 [INFO ] W-9001-foodnet_1.0-stdout MODEL_LOG -     self.sock.bind((self.sock_name, int(self.port)))
2022-04-17T18:42:59,680 [INFO ] W-9001-foodnet_1.0-stdout MODEL_LOG - OSError: [WinError 10013] An attempt was made to access a socket in a way forbidden by its access permissions
2022-04-17T18:42:59,717 [INFO ] W-9010-foodnet_1.0-stdout MODEL_LOG - Listening on port: None
2022-04-17T18:42:59,719 [INFO ] W-9010-foodnet_1.0-stdout MODEL_LOG - [PID]15872
2022-04-17T18:42:59,727 [INFO ] W-9010-foodnet_1.0-stdout MODEL_LOG - Torch worker started.
2022-04-17T18:42:59,729 [INFO ] W-9010-foodnet_1.0-stdout MODEL_LOG - Python runtime: 3.9.4
2022-04-17T18:42:59,733 [INFO ] W-9006-foodnet_1.0-stdout MODEL_LOG - Listening on port: None
2022-04-17T18:42:59,735 [INFO ] W-9006-foodnet_1.0-stdout MODEL_LOG - [PID]17288
2022-04-17T18:42:59,737 [INFO ] W-9011-foodnet_1.0-stdout MODEL_LOG - Listening on port: None
2022-04-17T18:42:59,741 [INFO ] W-9006-foodnet_1.0-stdout MODEL_LOG - Torch worker started.
2022-04-17T18:42:59,742 [INFO ] W-9011-foodnet_1.0-stdout MODEL_LOG - [PID]17876
2022-04-17T18:42:59,746 [INFO ] W-9006-foodnet_1.0-stdout MODEL_LOG - Python runtime: 3.9.4
2022-04-17T18:42:59,747 [INFO ] W-9011-foodnet_1.0-stdout MODEL_LOG - Torch worker started.
2022-04-17T18:42:59,750 [INFO ] W-9011-foodnet_1.0-stdout MODEL_LOG - Python runtime: 3.9.4
2022-04-17T18:42:59,764 [INFO ] W-9005-foodnet_1.0-stdout MODEL_LOG - Listening on port: None
2022-04-17T18:42:59,767 [INFO ] W-9005-foodnet_1.0-stdout MODEL_LOG - [PID]6048
2022-04-17T18:42:59,768 [INFO ] W-9005-foodnet_1.0-stdout MODEL_LOG - Torch worker started.
2022-04-17T18:42:59,770 [INFO ] W-9005-foodnet_1.0-stdout MODEL_LOG - Python runtime: 3.9.4
2022-04-17T18:42:59,777 [INFO ] W-9011-foodnet_1.0-stdout MODEL_LOG - Connection accepted: ('127.0.0.1', 9011).
2022-04-17T18:42:59,777 [INFO ] W-9010-foodnet_1.0-stdout MODEL_LOG - Connection accepted: ('127.0.0.1', 9010).
2022-04-17T18:42:59,777 [INFO ] W-9005-foodnet_1.0-stdout MODEL_LOG - Connection accepted: ('127.0.0.1', 9005).
2022-04-17T18:42:59,777 [INFO ] W-9006-foodnet_1.0-stdout MODEL_LOG - Connection accepted: ('127.0.0.1', 9006).
2022-04-17T18:42:59,803 [INFO ] W-9004-foodnet_1.0-stdout MODEL_LOG - Listening on port: None
2022-04-17T18:42:59,804 [INFO ] W-9004-foodnet_1.0-stdout MODEL_LOG - [PID]18420
2022-04-17T18:42:59,805 [INFO ] W-9004-foodnet_1.0-stdout MODEL_LOG - Torch worker started.
2022-04-17T18:42:59,811 [INFO ] W-9004-foodnet_1.0-stdout MODEL_LOG - Python runtime: 3.9.4
2022-04-17T18:42:59,826 [INFO ] W-9004-foodnet_1.0-stdout MODEL_LOG - Connection accepted: ('127.0.0.1', 9004).
2022-04-17T18:42:59,845 [INFO ] W-9005-foodnet_1.0-stdout MODEL_LOG - model_name: foodnet, batchSize: 1
2022-04-17T18:42:59,846 [INFO ] W-9011-foodnet_1.0-stdout MODEL_LOG - model_name: foodnet, batchSize: 1
2022-04-17T18:42:59,845 [INFO ] W-9006-foodnet_1.0-stdout MODEL_LOG - model_name: foodnet, batchSize: 1
2022-04-17T18:42:59,846 [INFO ] W-9010-foodnet_1.0-stdout MODEL_LOG - model_name: foodnet, batchSize: 1
2022-04-17T18:42:59,851 [INFO ] W-9004-foodnet_1.0-stdout MODEL_LOG - model_name: foodnet, batchSize: 1
2022-04-17T18:42:59,878 [INFO ] W-9002-foodnet_1.0-stdout MODEL_LOG - Listening on port: None
2022-04-17T18:42:59,880 [INFO ] W-9002-foodnet_1.0-stdout MODEL_LOG - [PID]15456
2022-04-17T18:42:59,885 [INFO ] W-9002-foodnet_1.0-stdout MODEL_LOG - Torch worker started.
2022-04-17T18:42:59,891 [INFO ] W-9002-foodnet_1.0-stdout MODEL_LOG - Python runtime: 3.9.4
2022-04-17T18:42:59,904 [INFO ] W-9002-foodnet_1.0-stdout MODEL_LOG - Connection accepted: ('127.0.0.1', 9002).
2022-04-17T18:42:59,929 [INFO ] W-9002-foodnet_1.0-stdout MODEL_LOG - model_name: foodnet, batchSize: 1
2022-04-17T18:42:59,954 [INFO ] W-9009-foodnet_1.0-stdout MODEL_LOG - Listening on port: None
2022-04-17T18:42:59,956 [INFO ] W-9009-foodnet_1.0-stdout MODEL_LOG - [PID]13984
2022-04-17T18:42:59,961 [INFO ] W-9008-foodnet_1.0-stdout MODEL_LOG - Listening on port: None
2022-04-17T18:42:59,962 [INFO ] W-9009-foodnet_1.0-stdout MODEL_LOG - Torch worker started.
2022-04-17T18:42:59,965 [INFO ] W-9009-foodnet_1.0-stdout MODEL_LOG - Python runtime: 3.9.4
2022-04-17T18:42:59,969 [INFO ] W-9008-foodnet_1.0-stdout MODEL_LOG - [PID]12768
2022-04-17T18:42:59,971 [INFO ] W-9008-foodnet_1.0-stdout MODEL_LOG - Torch worker started.
2022-04-17T18:42:59,981 [INFO ] W-9008-foodnet_1.0-stdout MODEL_LOG - Python runtime: 3.9.4
2022-04-17T18:42:59,983 [INFO ] W-9009-foodnet_1.0-stdout MODEL_LOG - Connection accepted: ('127.0.0.1', 9009).
2022-04-17T18:42:59,992 [INFO ] W-9008-foodnet_1.0-stdout MODEL_LOG - Connection accepted: ('127.0.0.1', 9008).
2022-04-17T18:43:00,020 [INFO ] W-9009-foodnet_1.0-stdout MODEL_LOG - model_name: foodnet, batchSize: 1
2022-04-17T18:43:00,028 [INFO ] W-9008-foodnet_1.0-stdout MODEL_LOG - model_name: foodnet, batchSize: 1
2022-04-17T18:43:00,035 [INFO ] W-9007-foodnet_1.0-stdout MODEL_LOG - Listening on port: None
2022-04-17T18:43:00,037 [INFO ] W-9007-foodnet_1.0-stdout MODEL_LOG - [PID]17816
2022-04-17T18:43:00,038 [INFO ] W-9007-foodnet_1.0-stdout MODEL_LOG - Torch worker started.
2022-04-17T18:43:00,040 [INFO ] W-9007-foodnet_1.0-stdout MODEL_LOG - Python runtime: 3.9.4
2022-04-17T18:43:00,048 [INFO ] W-9007-foodnet_1.0-stdout MODEL_LOG - Connection accepted: ('127.0.0.1', 9007).
2022-04-17T18:43:00,085 [INFO ] W-9007-foodnet_1.0-stdout MODEL_LOG - model_name: foodnet, batchSize: 1
2022-04-17T18:43:00,128 [INFO ] W-9000-foodnet_1.0-stdout MODEL_LOG - Listening on port: None
2022-04-17T18:43:00,131 [INFO ] W-9000-foodnet_1.0-stdout MODEL_LOG - [PID]20452
2022-04-17T18:43:00,132 [INFO ] W-9000-foodnet_1.0-stdout MODEL_LOG - Torch worker started.
2022-04-17T18:43:00,136 [INFO ] W-9000-foodnet_1.0-stdout MODEL_LOG - Python runtime: 3.9.4
2022-04-17T18:43:00,144 [INFO ] W-9000-foodnet_1.0-stdout MODEL_LOG - Connection accepted: ('127.0.0.1', 9000).
2022-04-17T18:43:00,177 [INFO ] W-9000-foodnet_1.0-stdout MODEL_LOG - model_name: foodnet, batchSize: 1
2022-04-17T18:43:00,186 [INFO ] W-9003-foodnet_1.0-stdout MODEL_LOG - Listening on port: None
2022-04-17T18:43:00,188 [INFO ] W-9003-foodnet_1.0-stdout MODEL_LOG - [PID]8148
2022-04-17T18:43:00,189 [INFO ] W-9003-foodnet_1.0-stdout MODEL_LOG - Torch worker started.
2022-04-17T18:43:00,191 [INFO ] W-9003-foodnet_1.0-stdout MODEL_LOG - Python runtime: 3.9.4
2022-04-17T18:43:00,201 [INFO ] W-9003-foodnet_1.0-stdout MODEL_LOG - Connection accepted: ('127.0.0.1', 9003).
2022-04-17T18:43:00,226 [INFO ] W-9003-foodnet_1.0-stdout MODEL_LOG - model_name: foodnet, batchSize: 1
2022-04-17T18:48:06,124 [INFO ] W-9011-foodnet_1.0-stdout MODEL_LOG - Backend received inference at: 1650214086
