2022-04-17T11:34:40,153 - CPUUtilization.Percent:100.0|#Level:Host|#hostname:DESKTOP-49NTERP,timestamp:1650188080
2022-04-17T11:34:40,160 - DiskAvailable.Gigabytes:81.05179214477539|#Level:Host|#hostname:DESKTOP-49NTERP,timestamp:1650188080
2022-04-17T11:34:40,161 - DiskUsage.Gigabytes:374.79683685302734|#Level:Host|#hostname:DESKTOP-49NTERP,timestamp:1650188080
2022-04-17T11:34:40,162 - DiskUtilization.Percent:82.2|#Level:Host|#hostname:DESKTOP-49NTERP,timestamp:1650188080
2022-04-17T11:34:40,163 - MemoryAvailable.Megabytes:5837.4296875|#Level:Host|#hostname:DESKTOP-49NTERP,timestamp:1650188080
2022-04-17T11:34:40,165 - MemoryUsed.Megabytes:10352.234375|#Level:Host|#hostname:DESKTOP-49NTERP,timestamp:1650188080
2022-04-17T11:34:40,166 - MemoryUtilization.Percent:63.9|#Level:Host|#hostname:DESKTOP-49NTERP,timestamp:1650188080
2022-04-17T11:35:39,717 - CPUUtilization.Percent:0.0|#Level:Host|#hostname:DESKTOP-49NTERP,timestamp:1650188139
2022-04-17T11:35:39,718 - DiskAvailable.Gigabytes:80.98338317871094|#Level:Host|#hostname:DESKTOP-49NTERP,timestamp:1650188139
2022-04-17T11:35:39,718 - DiskUsage.Gigabytes:374.8652458190918|#Level:Host|#hostname:DESKTOP-49NTERP,timestamp:1650188139
2022-04-17T11:35:39,718 - DiskUtilization.Percent:82.2|#Level:Host|#hostname:DESKTOP-49NTERP,timestamp:1650188139
2022-04-17T11:35:39,719 - MemoryAvailable.Megabytes:5788.953125|#Level:Host|#hostname:DESKTOP-49NTERP,timestamp:1650188139
2022-04-17T11:35:39,719 - MemoryUsed.Megabytes:10400.7109375|#Level:Host|#hostname:DESKTOP-49NTERP,timestamp:1650188139
2022-04-17T11:35:39,719 - MemoryUtilization.Percent:64.2|#Level:Host|#hostname:DESKTOP-49NTERP,timestamp:1650188139
2022-04-17T11:36:02,643 - Requests2XX.Count:1|#Level:Host|#hostname:DESKTOP-49NTERP,timestamp:null
2022-04-17T11:36:08,472 - Requests2XX.Count:1|#Level:Host|#hostname:DESKTOP-49NTERP,timestamp:null
2022-04-17T11:37:04,168 - Requests2XX.Count:1|#Level:Host|#hostname:DESKTOP-49NTERP,timestamp:null
2022-04-17T11:49:30,728 - Requests2XX.Count:1|#Level:Host|#hostname:DESKTOP-49NTERP,timestamp:null
2022-04-17T12:12:59,504 - CPUUtilization.Percent:100.0|#Level:Host|#hostname:DESKTOP-49NTERP,timestamp:1650190379
2022-04-17T12:12:59,507 - DiskAvailable.Gigabytes:78.0489501953125|#Level:Host|#hostname:DESKTOP-49NTERP,timestamp:1650190379
2022-04-17T12:12:59,508 - DiskUsage.Gigabytes:377.79967880249023|#Level:Host|#hostname:DESKTOP-49NTERP,timestamp:1650190379
2022-04-17T12:12:59,509 - DiskUtilization.Percent:82.9|#Level:Host|#hostname:DESKTOP-49NTERP,timestamp:1650190379
2022-04-17T12:12:59,510 - MemoryAvailable.Megabytes:5398.046875|#Level:Host|#hostname:DESKTOP-49NTERP,timestamp:1650190379
2022-04-17T12:12:59,511 - MemoryUsed.Megabytes:10791.6171875|#Level:Host|#hostname:DESKTOP-49NTERP,timestamp:1650190379
2022-04-17T12:12:59,512 - MemoryUtilization.Percent:66.7|#Level:Host|#hostname:DESKTOP-49NTERP,timestamp:1650190379
2022-04-17T12:13:05,340 - W-9000-foodnet_1.0.ms:7204|#Level:Host|#hostname:DESKTOP-49NTERP,timestamp:1650190385
2022-04-17T12:13:05,341 - WorkerThreadTime.ms:33|#Level:Host|#hostname:DESKTOP-49NTERP,timestamp:null
2022-04-17T12:13:05,371 - W-9005-foodnet_1.0.ms:7233|#Level:Host|#hostname:DESKTOP-49NTERP,timestamp:1650190385
2022-04-17T12:13:05,372 - WorkerThreadTime.ms:75|#Level:Host|#hostname:DESKTOP-49NTERP,timestamp:null
2022-04-17T12:13:05,424 - W-9004-foodnet_1.0.ms:7285|#Level:Host|#hostname:DESKTOP-49NTERP,timestamp:1650190385
2022-04-17T12:13:05,425 - WorkerThreadTime.ms:74|#Level:Host|#hostname:DESKTOP-49NTERP,timestamp:null
2022-04-17T12:13:05,439 - W-9003-foodnet_1.0.ms:7301|#Level:Host|#hostname:DESKTOP-49NTERP,timestamp:1650190385
2022-04-17T12:13:05,440 - WorkerThreadTime.ms:75|#Level:Host|#hostname:DESKTOP-49NTERP,timestamp:null
2022-04-17T12:13:05,460 - W-9006-foodnet_1.0.ms:7322|#Level:Host|#hostname:DESKTOP-49NTERP,timestamp:1650190385
2022-04-17T12:13:05,461 - WorkerThreadTime.ms:36|#Level:Host|#hostname:DESKTOP-49NTERP,timestamp:null
2022-04-17T12:13:05,488 - W-9002-foodnet_1.0.ms:7350|#Level:Host|#hostname:DESKTOP-49NTERP,timestamp:1650190385
2022-04-17T12:13:05,489 - WorkerThreadTime.ms:38|#Level:Host|#hostname:DESKTOP-49NTERP,timestamp:null
2022-04-17T12:13:05,521 - W-9007-foodnet_1.0.ms:7383|#Level:Host|#hostname:DESKTOP-49NTERP,timestamp:1650190385
2022-04-17T12:13:05,521 - WorkerThreadTime.ms:41|#Level:Host|#hostname:DESKTOP-49NTERP,timestamp:null
2022-04-17T12:13:05,530 - W-9008-foodnet_1.0.ms:7392|#Level:Host|#hostname:DESKTOP-49NTERP,timestamp:1650190385
2022-04-17T12:13:05,531 - WorkerThreadTime.ms:41|#Level:Host|#hostname:DESKTOP-49NTERP,timestamp:null
2022-04-17T12:17:11,626 - CPUUtilization.Percent:100.0|#Level:Host|#hostname:DESKTOP-49NTERP,timestamp:1650190631
2022-04-17T12:17:11,629 - DiskAvailable.Gigabytes:80.0656852722168|#Level:Host|#hostname:DESKTOP-49NTERP,timestamp:1650190631
2022-04-17T12:17:11,630 - DiskUsage.Gigabytes:375.78294372558594|#Level:Host|#hostname:DESKTOP-49NTERP,timestamp:1650190631
2022-04-17T12:17:11,632 - DiskUtilization.Percent:82.4|#Level:Host|#hostname:DESKTOP-49NTERP,timestamp:1650190631
2022-04-17T12:17:11,633 - MemoryAvailable.Megabytes:5503.23828125|#Level:Host|#hostname:DESKTOP-49NTERP,timestamp:1650190631
2022-04-17T12:17:11,635 - MemoryUsed.Megabytes:10686.45703125|#Level:Host|#hostname:DESKTOP-49NTERP,timestamp:1650190631
2022-04-17T12:17:11,637 - MemoryUtilization.Percent:66.0|#Level:Host|#hostname:DESKTOP-49NTERP,timestamp:1650190631
2022-04-17T12:17:19,696 - W-9008-foodnet_1.0.ms:10154|#Level:Host|#hostname:DESKTOP-49NTERP,timestamp:1650190639
2022-04-17T12:17:19,696 - W-9005-foodnet_1.0.ms:10154|#Level:Host|#hostname:DESKTOP-49NTERP,timestamp:1650190639
2022-04-17T12:17:19,697 - WorkerThreadTime.ms:70|#Level:Host|#hostname:DESKTOP-49NTERP,timestamp:null
2022-04-17T12:17:19,697 - WorkerThreadTime.ms:102|#Level:Host|#hostname:DESKTOP-49NTERP,timestamp:null
2022-04-17T12:17:19,703 - W-9000-foodnet_1.0.ms:10164|#Level:Host|#hostname:DESKTOP-49NTERP,timestamp:1650190639
2022-04-17T12:17:19,705 - WorkerThreadTime.ms:36|#Level:Host|#hostname:DESKTOP-49NTERP,timestamp:null
2022-04-17T12:17:19,763 - W-9007-foodnet_1.0.ms:10221|#Level:Host|#hostname:DESKTOP-49NTERP,timestamp:1650190639
2022-04-17T12:17:19,763 - W-9003-foodnet_1.0.ms:10222|#Level:Host|#hostname:DESKTOP-49NTERP,timestamp:1650190639
2022-04-17T12:17:19,765 - WorkerThreadTime.ms:56|#Level:Host|#hostname:DESKTOP-49NTERP,timestamp:null
2022-04-17T12:17:19,765 - WorkerThreadTime.ms:103|#Level:Host|#hostname:DESKTOP-49NTERP,timestamp:null
2022-04-17T12:17:19,816 - W-9006-foodnet_1.0.ms:10274|#Level:Host|#hostname:DESKTOP-49NTERP,timestamp:1650190639
2022-04-17T12:17:19,817 - WorkerThreadTime.ms:105|#Level:Host|#hostname:DESKTOP-49NTERP,timestamp:null
2022-04-17T12:17:19,822 - W-9002-foodnet_1.0.ms:10281|#Level:Host|#hostname:DESKTOP-49NTERP,timestamp:1650190639
2022-04-17T12:17:19,824 - WorkerThreadTime.ms:40|#Level:Host|#hostname:DESKTOP-49NTERP,timestamp:null
2022-04-17T12:17:19,848 - W-9004-foodnet_1.0.ms:10306|#Level:Host|#hostname:DESKTOP-49NTERP,timestamp:1650190639
2022-04-17T12:17:19,849 - WorkerThreadTime.ms:46|#Level:Host|#hostname:DESKTOP-49NTERP,timestamp:null
